<?xml version="1.0" encoding="UTF-8"?>
<!-- Generated by org.testng.reporters.JUnitXMLReporter -->
<testsuite ignored="2" hostname="DESKTOP-68HC2FU" failures="0" tests="11" name="ChromeTest" time="85.227" errors="0" timestamp="2024-08-08T02:59:44 IST">
  <testcase classname="testClasses.LoginPageTestClass" name="verfySuccesfullLogin" time="2.693"/>
  <testcase classname="testClasses.HomePageTestClass" name="verifyMainMenuLinkTitles" time="2.514"/>
  <testcase classname="testClasses.WorkerTestClass" name="verifyToCreateWorker" time="20.293"/>
  <testcase classname="testClasses.HomePageTestClass" name="verifyLogOutProcess" time="3.547"/>
  <testcase classname="testClasses.LoginPageTestClass" name="verifyUnsuccessfulLogin" time="1.538"/>
  <testcase classname="testClasses.LoginPageTestClass" name="verifyUnsuccessfulLogin" time="0.975"/>
  <testcase classname="testClasses.LoginPageTestClass" name="verifyUnsuccessfulLogin" time="0.927"/>
  <testcase classname="testClasses.WorkerTestClass" name="verifyWorkerSearch" time="3.936"/>
  <testcase classname="testClasses.HomePageTestClass" name="verifyFooterText" time="2.11"/>
  <testcase classname="testClasses.WorkerTestClass" name="verifyPaginationWorkerPage" time="3.899"/>
  <testcase classname="testClasses.LoginPageTestClass" name="verifyTheExpectedPageisOpensWhileHittingTheUrl" time="0.011"/>
  <testcase classname="testClasses.BaseClass" name="@BeforeSuite createReport" time="0.0">
    <ignored/>
  </testcase> <!-- @BeforeSuite createReport -->
  <testcase classname="testClasses.BaseClass" name="@BeforeSuite createReport" time="0.0">
    <ignored/>
  </testcase> <!-- @BeforeSuite createReport -->
</testsuite> <!-- ChromeTest -->
