<?xml version="1.0" encoding="UTF-8"?>
<!-- Generated by org.testng.reporters.JUnitXMLReporter -->
<testsuite ignored="2" hostname="DESKTOP-68HC2FU" failures="0" tests="12" name="EdgeTest" time="97.343" errors="0" timestamp="2024-08-08T03:01:21 IST">
  <testcase classname="testClasses.LoginPageTestClass" name="verfySuccesfullLogin" time="2.2"/>
  <testcase classname="testClasses.HomePageTestClass" name="verifyMainMenuLinkTitles" time="2.394"/>
  <testcase classname="testClasses.ClientTestClass" name="verifyToCreateClient" time="15.467">
    <skipped/>
  </testcase> <!-- verifyToCreateClient -->
  <testcase classname="testClasses.ClientTestClass" name="verifyToCreateClient" time="7.777"/>
  <testcase classname="testClasses.ClientTestClass" name="verifyClientSearch" time="0.0">
    <skipped/>
  </testcase> <!-- verifyClientSearch -->
  <testcase classname="testClasses.HomePageTestClass" name="verifyLogOutProcess" time="3.659"/>
  <testcase classname="testClasses.LoginPageTestClass" name="verifyUnsuccessfulLogin" time="1.52"/>
  <testcase classname="testClasses.LoginPageTestClass" name="verifyUnsuccessfulLogin" time="0.921"/>
  <testcase classname="testClasses.LoginPageTestClass" name="verifyUnsuccessfulLogin" time="3.219"/>
  <testcase classname="testClasses.HomePageTestClass" name="verifyFooterText" time="2.117"/>
  <testcase classname="testClasses.ClientTestClass" name="verifyPaginationClientPage" time="0.0">
    <skipped/>
  </testcase> <!-- verifyPaginationClientPage -->
  <testcase classname="testClasses.LoginPageTestClass" name="verifyTheExpectedPageisOpensWhileHittingTheUrl" time="0.02"/>
  <testcase classname="testClasses.BaseClass" name="@BeforeSuite createReport" time="0.0">
    <ignored/>
  </testcase> <!-- @BeforeSuite createReport -->
  <testcase classname="testClasses.BaseClass" name="@BeforeSuite createReport" time="0.0">
    <ignored/>
  </testcase> <!-- @BeforeSuite createReport -->
</testsuite> <!-- EdgeTest -->
