<?xml version="1.0" encoding="UTF-8"?>
<!-- Generated by org.testng.reporters.JUnitXMLReporter -->
<testsuite ignored="0" hostname="DESKTOP-68HC2FU" failures="0" tests="5" name="Test" time="33.543" errors="0" timestamp="2024-08-08T00:41:08 IST">
  <testcase classname="testClasses.LoginPageTestClass" name="verfySuccesfullLogin" time="2.234"/>
  <testcase classname="testClasses.LoginPageTestClass" name="verifyUnsuccessfulLogin" time="1.489"/>
  <testcase classname="testClasses.LoginPageTestClass" name="verifyUnsuccessfulLogin" time="0.966"/>
  <testcase classname="testClasses.LoginPageTestClass" name="verifyUnsuccessfulLogin" time="0.897"/>
  <testcase classname="testClasses.LoginPageTestClass" name="verifyTheExpectedPageisOpensWhileHittingTheUrl" time="0.016"/>
</testsuite> <!-- Test -->
