<?xml version="1.0" encoding="UTF-8"?>
<!-- Generated by org.testng.reporters.JUnitXMLReporter -->
<testsuite ignored="0" hostname="DESKTOP-68HC2FU" failures="0" tests="4" name="Test1" time="54.025" errors="0" timestamp="2024-08-08T02:40:16 IST">
  <testcase classname="testClasses.ClientTestClass" name="verifyToCreateClient" time="21.655">
    <skipped/>
  </testcase> <!-- verifyToCreateClient -->
  <testcase classname="testClasses.ClientTestClass" name="verifyToCreateClient" time="6.48"/>
  <testcase classname="testClasses.ClientTestClass" name="verifyClientSearch" time="3.668"/>
  <testcase classname="testClasses.ClientTestClass" name="verifyPaginationClientPage" time="4.045"/>
</testsuite> <!-- Test1 -->
