<?xml version="1.0" encoding="UTF-8"?>
<!-- Generated by org.testng.reporters.JUnitXMLReporter -->
<testsuite ignored="0" hostname="DESKTOP-68HC2FU" failures="0" tests="3" name="Test2" time="38.372" errors="0" timestamp="2024-08-08T02:40:01 IST">
  <testcase classname="testClasses.WorkerTestClass" name="verifyToCreateWorker" time="13.512"/>
  <testcase classname="testClasses.WorkerTestClass" name="verifyWorkerSearch" time="3.842"/>
  <testcase classname="testClasses.WorkerTestClass" name="verifyPaginationWorkerPage" time="4.06"/>
</testsuite> <!-- Test2 -->
